2025-10-20T07:07:48.822462Z	Cloning repository...
2025-10-20T07:07:50.121916Z	From https://github.com/aiporlin/ccdrop
2025-10-20T07:07:50.122478Z	 * branch            c1b32e5fdd04581f1a7f628652e9846779f9d889 -> FETCH_HEAD
2025-10-20T07:07:50.122595Z	
2025-10-20T07:07:50.307088Z	HEAD is now at c1b32e5 Create .old
2025-10-20T07:07:50.307551Z	
2025-10-20T07:07:50.381009Z	
2025-10-20T07:07:50.381539Z	Using v2 root directory strategy
2025-10-20T07:07:50.404588Z	Success: Finished cloning repository files
2025-10-20T07:07:52.124779Z	Checking for configuration in a Wrangler configuration file (BETA)
2025-10-20T07:07:52.125608Z	
2025-10-20T07:07:52.126772Z	Found wrangler.toml file. Reading build configuration...
2025-10-20T07:07:53.233197Z	A wrangler.toml file was found but it does not appear to be valid. Did you mean to use wrangler.toml to configure Pages? If so, then make sure the file is valid and contains the `pages_build_output_dir` property. Skipping file and continuing.
2025-10-20T07:07:53.299307Z	Detected the following tools from environment: npm@10.9.2, nodejs@22.16.0
2025-10-20T07:07:53.300207Z	Installing project dependencies: npm clean-install --progress=false
2025-10-20T07:07:56.801314Z	npm warn deprecated sourcemap-codec@1.4.8: Please use @jridgewell/sourcemap-codec instead
2025-10-20T07:07:58.077585Z	npm warn deprecated rollup-plugin-inject@3.0.2: This package has been deprecated and is no longer maintained. Please use @rollup/plugin-inject.
2025-10-20T07:08:16.747566Z	
2025-10-20T07:08:16.747809Z	added 409 packages, and audited 410 packages in 23s
2025-10-20T07:08:16.748355Z	
2025-10-20T07:08:16.748458Z	151 packages are looking for funding
2025-10-20T07:08:16.748535Z	  run `npm fund` for details
2025-10-20T07:08:16.77413Z	
2025-10-20T07:08:16.774277Z	2 moderate severity vulnerabilities
2025-10-20T07:08:16.774399Z	
2025-10-20T07:08:16.774545Z	To address all issues (including breaking changes), run:
2025-10-20T07:08:16.774739Z	  npm audit fix --force
2025-10-20T07:08:16.774895Z	
2025-10-20T07:08:16.77502Z	Run `npm audit` for details.
2025-10-20T07:08:16.803352Z	Executing user command: npm run build
2025-10-20T07:08:17.163791Z	
2025-10-20T07:08:17.164103Z	> ccdrop@0.1.0 build
2025-10-20T07:08:17.164257Z	> next build --turbopack
2025-10-20T07:08:17.164428Z	
2025-10-20T07:08:18.046422Z	Attention: Next.js now collects completely anonymous telemetry regarding usage.
2025-10-20T07:08:18.046671Z	This information is used to shape Next.js' roadmap and prioritize features.
2025-10-20T07:08:18.046906Z	You can learn more, including how to opt-out if you'd not like to participate in this anonymous program, by visiting the following URL:
2025-10-20T07:08:18.047109Z	https://nextjs.org/telemetry
2025-10-20T07:08:18.04728Z	
2025-10-20T07:08:18.131162Z	   ▲ Next.js 15.5.6 (Turbopack)
2025-10-20T07:08:18.131363Z	   - Environments: .env
2025-10-20T07:08:18.131567Z	
2025-10-20T07:08:18.207506Z	   Creating an optimized production build ...
2025-10-20T07:08:18.910836Z	 ⚠ Webpack is configured while Turbopack is not, which may cause problems.
2025-10-20T07:08:18.912196Z	 ⚠ See instructions if you need to configure Turbopack:
2025-10-20T07:08:18.912392Z	  https://nextjs.org/docs/app/api-reference/next-config-js/turbopack
2025-10-20T07:08:18.912469Z	
2025-10-20T07:08:22.868806Z	 ✓ Finished writing to disk in 16ms
2025-10-20T07:08:23.009449Z	 ✓ Compiled successfully in 4.1s
2025-10-20T07:08:23.013873Z	   Linting and checking validity of types ...
2025-10-20T07:08:23.298803Z	(node:936) ESLintIgnoreWarning: The ".eslintignore" file is no longer supported. Switch to using the "ignores" property in "eslint.config.js": https://eslint.org/docs/latest/use/configure/migration-guide#ignoring-files
2025-10-20T07:08:23.299157Z	(Use `node --trace-warnings ...` to show where the warning was created)
2025-10-20T07:08:23.313013Z	
2025-10-20T07:08:23.313265Z	 ⚠ The Next.js plugin was not detected in your ESLint configuration. See https://nextjs.org/docs/app/api-reference/config/eslint#migrating-existing-config
2025-10-20T07:08:25.312966Z	   Collecting page data ...
2025-10-20T07:08:26.429475Z	   Generating static pages (0/5) ...
2025-10-20T07:08:27.058919Z	Error occurred prerendering page "/". Read more: https://nextjs.org/docs/messages/prerender-error
2025-10-20T07:08:27.059225Z	Error [SyntaxError]: TypeError: Invalid URL
2025-10-20T07:08:27.059701Z	    at h (.next/server/chunks/ssr/[root-of-the-server]__42aea391._.js:1:69797)
2025-10-20T07:08:27.059877Z	    at __TURBOPACK__module__evaluation__ (.next/server/chunks/ssr/[root-of-the-server]__42aea391._.js:1:70366)
2025-10-20T07:08:27.060013Z	    at instantiateModule (.next/server/chunks/ssr/[turbopack]_runtime.js:702:9)
2025-10-20T07:08:27.060214Z	    at getOrInstantiateModuleFromParent (.next/server/chunks/ssr/[turbopack]_runtime.js:725:12)
2025-10-20T07:08:27.060357Z	    at Context.commonJsRequire [as r] (.next/server/chunks/ssr/[turbopack]_runtime.js:236:12) {
2025-10-20T07:08:27.060492Z	  digest: '654006084',
2025-10-20T07:08:27.060639Z	  code: 12,
2025-10-20T07:08:27.060748Z	  INDEX_SIZE_ERR: 1,
2025-10-20T07:08:27.060853Z	  DOMSTRING_SIZE_ERR: 2,
2025-10-20T07:08:27.060931Z	  HIERARCHY_REQUEST_ERR: 3,
2025-10-20T07:08:27.061025Z	  WRONG_DOCUMENT_ERR: 4,
2025-10-20T07:08:27.061139Z	  INVALID_CHARACTER_ERR: 5,
2025-10-20T07:08:27.061306Z	  NO_DATA_ALLOWED_ERR: 6,
2025-10-20T07:08:27.061474Z	  NO_MODIFICATION_ALLOWED_ERR: 7,
2025-10-20T07:08:27.06159Z	  NOT_FOUND_ERR: 8,
2025-10-20T07:08:27.061741Z	  NOT_SUPPORTED_ERR: 9,
2025-10-20T07:08:27.061876Z	  INUSE_ATTRIBUTE_ERR: 10,
2025-10-20T07:08:27.061969Z	  INVALID_STATE_ERR: 11,
2025-10-20T07:08:27.062066Z	  SYNTAX_ERR: 12,
2025-10-20T07:08:27.062171Z	  INVALID_MODIFICATION_ERR: 13,
2025-10-20T07:08:27.062284Z	  NAMESPACE_ERR: 14,
2025-10-20T07:08:27.062449Z	  INVALID_ACCESS_ERR: 15,
2025-10-20T07:08:27.062559Z	  VALIDATION_ERR: 16,
2025-10-20T07:08:27.062756Z	  TYPE_MISMATCH_ERR: 17,
2025-10-20T07:08:27.062917Z	  SECURITY_ERR: 18,
2025-10-20T07:08:27.063072Z	  NETWORK_ERR: 19,
2025-10-20T07:08:27.063228Z	  ABORT_ERR: 20,
2025-10-20T07:08:27.063345Z	  URL_MISMATCH_ERR: 21,
2025-10-20T07:08:27.063461Z	  QUOTA_EXCEEDED_ERR: 22,
2025-10-20T07:08:27.063613Z	  TIMEOUT_ERR: 23,
2025-10-20T07:08:27.063805Z	  INVALID_NODE_TYPE_ERR: 24,
2025-10-20T07:08:27.063962Z	  DATA_CLONE_ERR: 25
2025-10-20T07:08:27.064097Z	}
2025-10-20T07:08:27.06426Z	Export encountered an error on /page: /, exiting the build.
2025-10-20T07:08:27.072706Z	 ⨯ Next.js build worker exited with code: 1 and signal: null
2025-10-20T07:08:27.115806Z	Failed: Error while executing user command. Exited with error code: 1
2025-10-20T07:08:27.128481Z	Failed: build command exited with code: 1
2025-10-20T07:08:28.206214Z	Failed: error occurred while running build command